This file contains any messages produced by compilers while
running configure, to aid debugging if configure makes a mistake.

It was created by configure, which was
generated by GNU Autoconf 2.69.  Invocation command line was

  $ ./configure 

## --------- ##
## Platform. ##
## --------- ##

hostname = raspberrypi
uname -m = armv7l
uname -r = 5.15.61-v7l+
uname -s = Linux
uname -v = #1579 SMP Fri Aug 26 11:13:03 BST 2022

/usr/bin/uname -p = unknown
/bin/uname -X     = unknown

/bin/arch              = armv7l
/usr/bin/arch -k       = unknown
/usr/convex/getsysinfo = unknown
/usr/bin/hostinfo      = unknown
/bin/machine           = unknown
/usr/bin/oslevel       = unknown
/bin/universe          = unknown

PATH: /usr/local/sbin
PATH: /usr/local/bin
PATH: /usr/sbin
PATH: /usr/bin
PATH: /sbin
PATH: /bin
PATH: /usr/local/games
PATH: /usr/games


## ----------- ##
## Core tests. ##
## ----------- ##

configure:2234: checking for grep that handles long lines and -e
configure:2292: result: /usr/bin/grep
configure:2297: checking for egrep
configure:2359: result: /usr/bin/grep -E
configure:2364: checking for a sed that does not truncate output
configure:2428: result: /usr/bin/sed
configure:2567: checking for pkg-config
configure:2585: found /usr/bin/pkg-config
configure:2597: result: /usr/bin/pkg-config
configure:2622: checking pkg-config is at least version 0.9.0
configure:2625: result: yes
configure:2687: checking for cc
configure:2703: found /usr/bin/cc
configure:2714: result: cc
configure:2745: checking for C compiler version
configure:2754: cc --version >&5
cc (Raspbian 10.2.1-6+rpi1) 10.2.1 20210110
Copyright (C) 2020 Free Software Foundation, Inc.
This is free software; see the source for copying conditions.  There is NO
warranty; not even for MERCHANTABILITY or FITNESS FOR A PARTICULAR PURPOSE.

configure:2765: $? = 0
configure:2754: cc -v >&5
Using built-in specs.
COLLECT_GCC=cc
COLLECT_LTO_WRAPPER=/usr/lib/gcc/arm-linux-gnueabihf/10/lto-wrapper
Target: arm-linux-gnueabihf
Configured with: ../src/configure -v --with-pkgversion='Raspbian 10.2.1-6+rpi1' --with-bugurl=file:///usr/share/doc/gcc-10/README.Bugs --enable-languages=c,ada,c++,go,d,fortran,objc,obj-c++,m2 --prefix=/usr --with-gcc-major-version-only --program-suffix=-10 --program-prefix=arm-linux-gnueabihf- --enable-shared --enable-linker-build-id --libexecdir=/usr/lib --without-included-gettext --enable-threads=posix --libdir=/usr/lib --enable-nls --enable-bootstrap --enable-clocale=gnu --enable-libstdcxx-debug --enable-libstdcxx-time=yes --with-default-libstdcxx-abi=new --enable-gnu-unique-object --disable-libitm --disable-libquadmath --disable-libquadmath-support --enable-plugin --with-system-zlib --enable-libphobos-checking=release --with-target-system-zlib=auto --enable-objc-gc=auto --enable-multiarch --disable-sjlj-exceptions --with-arch=armv6 --with-fpu=vfp --with-float=hard --disable-werror --enable-checking=release --build=arm-linux-gnueabihf --host=arm-linux-gnueabihf --target=arm-linux-gnueabihf
Thread model: posix
Supported LTO compression algorithms: zlib zstd
gcc version 10.2.1 20210110 (Raspbian 10.2.1-6+rpi1) 
configure:2765: $? = 0
configure:2754: cc -V >&5
cc: error: unrecognized command-line option '-V'
cc: fatal error: no input files
compilation terminated.
configure:2765: $? = 1
configure:2754: cc -qversion >&5
cc: error: unrecognized command-line option '-qversion'; did you mean '--version'?
cc: fatal error: no input files
compilation terminated.
configure:2765: $? = 1
configure:2785: checking whether the C compiler works
configure:2807: cc    conftest.c  >&5
configure:2811: $? = 0
configure:2859: result: yes
configure:2862: checking for C compiler default output file name
configure:2864: result: a.out
configure:2870: checking for suffix of executables
configure:2877: cc -o conftest    conftest.c  >&5
configure:2881: $? = 0
configure:2903: result: 
configure:2925: checking whether we are cross compiling
configure:2933: cc -o conftest    conftest.c  >&5
configure:2937: $? = 0
configure:2944: ./conftest
configure:2948: $? = 0
configure:2963: result: no
configure:2968: checking for suffix of object files
configure:2990: cc -c   conftest.c >&5
configure:2994: $? = 0
configure:3015: result: o
configure:3019: checking whether we are using the GNU C compiler
configure:3038: cc -c   conftest.c >&5
configure:3038: $? = 0
configure:3047: result: yes
configure:3056: checking whether cc accepts -g
configure:3076: cc -c -g  conftest.c >&5
configure:3076: $? = 0
configure:3117: result: yes
configure:3134: checking for cc option to accept ISO C89
configure:3197: cc  -c -g -O2  conftest.c >&5
configure:3197: $? = 0
configure:3210: result: none needed
configure:3236: checking how to run the C preprocessor
configure:3267: cc -E  conftest.c
configure:3267: $? = 0
configure:3281: cc -E  conftest.c
conftest.c:9:10: fatal error: ac_nonexistent.h: No such file or directory
    9 | #include <ac_nonexistent.h>
      |          ^~~~~~~~~~~~~~~~~~
compilation terminated.
configure:3281: $? = 1
configure: failed program was:
| /* confdefs.h */
| #define PACKAGE_NAME ""
| #define PACKAGE_TARNAME ""
| #define PACKAGE_VERSION ""
| #define PACKAGE_STRING ""
| #define PACKAGE_BUGREPORT ""
| #define PACKAGE_URL ""
| /* end confdefs.h.  */
| #include <ac_nonexistent.h>
configure:3306: result: cc -E
configure:3326: cc -E  conftest.c
configure:3326: $? = 0
configure:3340: cc -E  conftest.c
conftest.c:9:10: fatal error: ac_nonexistent.h: No such file or directory
    9 | #include <ac_nonexistent.h>
      |          ^~~~~~~~~~~~~~~~~~
compilation terminated.
configure:3340: $? = 1
configure: failed program was:
| /* confdefs.h */
| #define PACKAGE_NAME ""
| #define PACKAGE_TARNAME ""
| #define PACKAGE_VERSION ""
| #define PACKAGE_STRING ""
| #define PACKAGE_BUGREPORT ""
| #define PACKAGE_URL ""
| /* end confdefs.h.  */
| #include <ac_nonexistent.h>
configure:3371: checking for icc
configure:3380: result: no
configure:3394: checking for suncc
configure:3403: result: no
configure:3421: checking for system library directory
configure:3436: result: lib
configure:3443: checking if compiler supports -R
configure:3462: cc -o conftest -g -O2   conftest.c -R /usr/lib  >&5
cc: error: unrecognized command-line option '-R'
configure:3462: $? = 1
configure: failed program was:
| /* confdefs.h */
| #define PACKAGE_NAME ""
| #define PACKAGE_TARNAME ""
| #define PACKAGE_VERSION ""
| #define PACKAGE_STRING ""
| #define PACKAGE_BUGREPORT ""
| #define PACKAGE_URL ""
| /* end confdefs.h.  */
| 
| int
| main ()
| {
| 
|   ;
|   return 0;
| }
configure:3472: result: no
configure:3477: checking if compiler supports -Wl,-rpath,
configure:3496: cc -o conftest -g -O2   conftest.c -Wl,-rpath,/usr/lib  >&5
configure:3496: $? = 0
configure:3506: result: yes
configure:3522: checking build system type
configure:3536: result: armv7l-unknown-linux-gnueabihf
configure:3556: checking host system type
configure:3569: result: armv7l-unknown-linux-gnueabihf
configure:3589: checking target system type
configure:3602: result: armv7l-unknown-linux-gnueabihf
configure:3705: checking for PHP prefix
configure:3707: result: /usr
configure:3709: checking for PHP includes
configure:3711: result: -I/usr/include/php/20190902 -I/usr/include/php/20190902/main -I/usr/include/php/20190902/TSRM -I/usr/include/php/20190902/Zend -I/usr/include/php/20190902/ext -I/usr/include/php/20190902/ext/date/lib -D_LARGEFILE_SOURCE -D_FILE_OFFSET_BITS=64
configure:3713: checking for PHP extension directory
configure:3715: result: /usr/lib/php/20190902
configure:3717: checking for PHP installed headers prefix
configure:3719: result: /usr/include/php/20190902
configure:3722: checking if debug is enabled
configure:3748: result: no
configure:3751: checking if zts is enabled
configure:3777: result: no
configure:3845: checking for gawk
configure:3862: found /usr/bin/gawk
configure:3873: result: gawk
configure:3917: checking whether to enable Xdebug support
configure:3956: result: yes, shared
configure:3965: checking whether to enable Xdebug developer build flags
configure:3979: result: no
configure:3988: checking whether to compress profiler files (requires zlib)
configure:4003: result: yes
configure:4033: checking Check for supported PHP versions
configure:4043: result: supported (7.4.30)
configure:4058: checking for clock_gettime
configure:4072: cc -o conftest -g -O2 -I/usr/include/php/20190902 -I/usr/include/php/20190902/main -I/usr/include/php/20190902/TSRM -I/usr/include/php/20190902/Zend -I/usr/include/php/20190902/ext -I/usr/include/php/20190902/ext/date/lib -D_LARGEFILE_SOURCE -D_FILE_OFFSET_BITS=64   conftest.c  >&5
configure:4072: $? = 0
configure:4075: result: yes
configure:4128: checking for clock_gettime_nsec_np
configure:4128: cc -o conftest -g -O2 -I/usr/include/php/20190902 -I/usr/include/php/20190902/main -I/usr/include/php/20190902/TSRM -I/usr/include/php/20190902/Zend -I/usr/include/php/20190902/ext -I/usr/include/php/20190902/ext/date/lib -D_LARGEFILE_SOURCE -D_FILE_OFFSET_BITS=64   conftest.c  >&5
/usr/bin/ld: /tmp/cctClRsl.o: in function `main':
/var/www/html/xdebug-3.1.5/conftest.c:45: undefined reference to `clock_gettime_nsec_np'
collect2: error: ld returned 1 exit status
configure:4128: $? = 1
configure: failed program was:
| /* confdefs.h */
| #define PACKAGE_NAME ""
| #define PACKAGE_TARNAME ""
| #define PACKAGE_VERSION ""
| #define PACKAGE_STRING ""
| #define PACKAGE_BUGREPORT ""
| #define PACKAGE_URL ""
| #define HAVE_XDEBUG 1
| #define HAVE_XDEBUG_CLOCK_GETTIME 1
| /* end confdefs.h.  */
| /* Define clock_gettime_nsec_np to an innocuous variant, in case <limits.h> declares clock_gettime_nsec_np.
|    For example, HP-UX 11i <limits.h> declares gettimeofday.  */
| #define clock_gettime_nsec_np innocuous_clock_gettime_nsec_np
| 
| /* System header to define __stub macros and hopefully few prototypes,
|     which can conflict with char clock_gettime_nsec_np (); below.
|     Prefer <limits.h> to <assert.h> if __STDC__ is defined, since
|     <limits.h> exists even on freestanding compilers.  */
| 
| #ifdef __STDC__
| # include <limits.h>
| #else
| # include <assert.h>
| #endif
| 
| #undef clock_gettime_nsec_np
| 
| /* Override any GCC internal prototype to avoid an error.
|    Use char because int might match the return type of a GCC
|    builtin and then its argument prototype would still apply.  */
| #ifdef __cplusplus
| extern "C"
| #endif
| char clock_gettime_nsec_np ();
| /* The GNU C library defines this for functions which it implements
|     to always fail with ENOSYS.  Some functions are actually named
|     something starting with __ and the normal name is an alias.  */
| #if defined __stub_clock_gettime_nsec_np || defined __stub___clock_gettime_nsec_np
| choke me
| #endif
| 
| int
| main ()
| {
| return clock_gettime_nsec_np ();
|   ;
|   return 0;
| }
configure:4128: result: no
configure:4142: checking for gettimeofday
configure:4142: cc -o conftest -g -O2 -I/usr/include/php/20190902 -I/usr/include/php/20190902/main -I/usr/include/php/20190902/TSRM -I/usr/include/php/20190902/Zend -I/usr/include/php/20190902/ext -I/usr/include/php/20190902/ext/date/lib -D_LARGEFILE_SOURCE -D_FILE_OFFSET_BITS=64   conftest.c  >&5
configure:4142: $? = 0
configure:4142: result: yes
configure:4153: checking for ANSI C header files
configure:4173: cc -c -g -O2 -I/usr/include/php/20190902 -I/usr/include/php/20190902/main -I/usr/include/php/20190902/TSRM -I/usr/include/php/20190902/Zend -I/usr/include/php/20190902/ext -I/usr/include/php/20190902/ext/date/lib -D_LARGEFILE_SOURCE -D_FILE_OFFSET_BITS=64  conftest.c >&5
configure:4173: $? = 0
configure:4246: cc -o conftest -g -O2 -I/usr/include/php/20190902 -I/usr/include/php/20190902/main -I/usr/include/php/20190902/TSRM -I/usr/include/php/20190902/Zend -I/usr/include/php/20190902/ext -I/usr/include/php/20190902/ext/date/lib -D_LARGEFILE_SOURCE -D_FILE_OFFSET_BITS=64   conftest.c  >&5
configure:4246: $? = 0
configure:4246: ./conftest
configure:4246: $? = 0
configure:4257: result: yes
configure:4270: checking for sys/types.h
configure:4270: cc -c -g -O2 -I/usr/include/php/20190902 -I/usr/include/php/20190902/main -I/usr/include/php/20190902/TSRM -I/usr/include/php/20190902/Zend -I/usr/include/php/20190902/ext -I/usr/include/php/20190902/ext/date/lib -D_LARGEFILE_SOURCE -D_FILE_OFFSET_BITS=64  conftest.c >&5
configure:4270: $? = 0
configure:4270: result: yes
configure:4270: checking for sys/stat.h
configure:4270: cc -c -g -O2 -I/usr/include/php/20190902 -I/usr/include/php/20190902/main -I/usr/include/php/20190902/TSRM -I/usr/include/php/20190902/Zend -I/usr/include/php/20190902/ext -I/usr/include/php/20190902/ext/date/lib -D_LARGEFILE_SOURCE -D_FILE_OFFSET_BITS=64  conftest.c >&5
configure:4270: $? = 0
configure:4270: result: yes
configure:4270: checking for stdlib.h
configure:4270: cc -c -g -O2 -I/usr/include/php/20190902 -I/usr/include/php/20190902/main -I/usr/include/php/20190902/TSRM -I/usr/include/php/20190902/Zend -I/usr/include/php/20190902/ext -I/usr/include/php/20190902/ext/date/lib -D_LARGEFILE_SOURCE -D_FILE_OFFSET_BITS=64  conftest.c >&5
configure:4270: $? = 0
configure:4270: result: yes
configure:4270: checking for string.h
configure:4270: cc -c -g -O2 -I/usr/include/php/20190902 -I/usr/include/php/20190902/main -I/usr/include/php/20190902/TSRM -I/usr/include/php/20190902/Zend -I/usr/include/php/20190902/ext -I/usr/include/php/20190902/ext/date/lib -D_LARGEFILE_SOURCE -D_FILE_OFFSET_BITS=64  conftest.c >&5
configure:4270: $? = 0
configure:4270: result: yes
configure:4270: checking for memory.h
configure:4270: cc -c -g -O2 -I/usr/include/php/20190902 -I/usr/include/php/20190902/main -I/usr/include/php/20190902/TSRM -I/usr/include/php/20190902/Zend -I/usr/include/php/20190902/ext -I/usr/include/php/20190902/ext/date/lib -D_LARGEFILE_SOURCE -D_FILE_OFFSET_BITS=64  conftest.c >&5
configure:4270: $? = 0
configure:4270: result: yes
configure:4270: checking for strings.h
configure:4270: cc -c -g -O2 -I/usr/include/php/20190902 -I/usr/include/php/20190902/main -I/usr/include/php/20190902/TSRM -I/usr/include/php/20190902/Zend -I/usr/include/php/20190902/ext -I/usr/include/php/20190902/ext/date/lib -D_LARGEFILE_SOURCE -D_FILE_OFFSET_BITS=64  conftest.c >&5
configure:4270: $? = 0
configure:4270: result: yes
configure:4270: checking for inttypes.h
configure:4270: cc -c -g -O2 -I/usr/include/php/20190902 -I/usr/include/php/20190902/main -I/usr/include/php/20190902/TSRM -I/usr/include/php/20190902/Zend -I/usr/include/php/20190902/ext -I/usr/include/php/20190902/ext/date/lib -D_LARGEFILE_SOURCE -D_FILE_OFFSET_BITS=64  conftest.c >&5
configure:4270: $? = 0
configure:4270: result: yes
configure:4270: checking for stdint.h
configure:4270: cc -c -g -O2 -I/usr/include/php/20190902 -I/usr/include/php/20190902/main -I/usr/include/php/20190902/TSRM -I/usr/include/php/20190902/Zend -I/usr/include/php/20190902/ext -I/usr/include/php/20190902/ext/date/lib -D_LARGEFILE_SOURCE -D_FILE_OFFSET_BITS=64  conftest.c >&5
configure:4270: $? = 0
configure:4270: result: yes
configure:4270: checking for unistd.h
configure:4270: cc -c -g -O2 -I/usr/include/php/20190902 -I/usr/include/php/20190902/main -I/usr/include/php/20190902/TSRM -I/usr/include/php/20190902/Zend -I/usr/include/php/20190902/ext -I/usr/include/php/20190902/ext/date/lib -D_LARGEFILE_SOURCE -D_FILE_OFFSET_BITS=64  conftest.c >&5
configure:4270: $? = 0
configure:4270: result: yes
configure:4285: checking netinet/in.h usability
configure:4285: cc -c -g -O2 -I/usr/include/php/20190902 -I/usr/include/php/20190902/main -I/usr/include/php/20190902/TSRM -I/usr/include/php/20190902/Zend -I/usr/include/php/20190902/ext -I/usr/include/php/20190902/ext/date/lib -D_LARGEFILE_SOURCE -D_FILE_OFFSET_BITS=64  conftest.c >&5
configure:4285: $? = 0
configure:4285: result: yes
configure:4285: checking netinet/in.h presence
configure:4285: cc -E -I/usr/include/php/20190902 -I/usr/include/php/20190902/main -I/usr/include/php/20190902/TSRM -I/usr/include/php/20190902/Zend -I/usr/include/php/20190902/ext -I/usr/include/php/20190902/ext/date/lib -D_LARGEFILE_SOURCE -D_FILE_OFFSET_BITS=64  conftest.c
configure:4285: $? = 0
configure:4285: result: yes
configure:4285: checking for netinet/in.h
configure:4285: result: yes
configure:4285: checking poll.h usability
configure:4285: cc -c -g -O2 -I/usr/include/php/20190902 -I/usr/include/php/20190902/main -I/usr/include/php/20190902/TSRM -I/usr/include/php/20190902/Zend -I/usr/include/php/20190902/ext -I/usr/include/php/20190902/ext/date/lib -D_LARGEFILE_SOURCE -D_FILE_OFFSET_BITS=64  conftest.c >&5
configure:4285: $? = 0
configure:4285: result: yes
configure:4285: checking poll.h presence
configure:4285: cc -E -I/usr/include/php/20190902 -I/usr/include/php/20190902/main -I/usr/include/php/20190902/TSRM -I/usr/include/php/20190902/Zend -I/usr/include/php/20190902/ext -I/usr/include/php/20190902/ext/date/lib -D_LARGEFILE_SOURCE -D_FILE_OFFSET_BITS=64  conftest.c
configure:4285: $? = 0
configure:4285: result: yes
configure:4285: checking for poll.h
configure:4285: result: yes
configure:4285: checking sys/poll.h usability
configure:4285: cc -c -g -O2 -I/usr/include/php/20190902 -I/usr/include/php/20190902/main -I/usr/include/php/20190902/TSRM -I/usr/include/php/20190902/Zend -I/usr/include/php/20190902/ext -I/usr/include/php/20190902/ext/date/lib -D_LARGEFILE_SOURCE -D_FILE_OFFSET_BITS=64  conftest.c >&5
configure:4285: $? = 0
configure:4285: result: yes
configure:4285: checking sys/poll.h presence
configure:4285: cc -E -I/usr/include/php/20190902 -I/usr/include/php/20190902/main -I/usr/include/php/20190902/TSRM -I/usr/include/php/20190902/Zend -I/usr/include/php/20190902/ext -I/usr/include/php/20190902/ext/date/lib -D_LARGEFILE_SOURCE -D_FILE_OFFSET_BITS=64  conftest.c
configure:4285: $? = 0
configure:4285: result: yes
configure:4285: checking for sys/poll.h
configure:4285: result: yes
configure:4401: checking for cos in -lm
configure:4426: cc -o conftest -g -O2 -I/usr/include/php/20190902 -I/usr/include/php/20190902/main -I/usr/include/php/20190902/TSRM -I/usr/include/php/20190902/Zend -I/usr/include/php/20190902/ext -I/usr/include/php/20190902/ext/date/lib -D_LARGEFILE_SOURCE -D_FILE_OFFSET_BITS=64   conftest.c -lm   >&5
conftest.c:33:6: warning: conflicting types for built-in function 'cos'; expected 'double(double)' [-Wbuiltin-declaration-mismatch]
   33 | char cos ();
      |      ^~~
conftest.c:1:1: note: 'cos' is declared in header '<math.h>'
    1 | /* confdefs.h */
configure:4426: $? = 0
configure:4435: result: yes
configure:4478: checking for zlib >= 1.2.9
configure:4485: $PKG_CONFIG --exists --print-errors "zlib >= 1.2.9"
configure:4488: $? = 0
configure:4502: $PKG_CONFIG --exists --print-errors "zlib >= 1.2.9"
configure:4505: $? = 0
configure:4543: result: yes
configure:6423: checking how to print strings
configure:6450: result: printf
configure:6471: checking for a sed that does not truncate output
configure:6535: result: /usr/bin/sed
configure:6553: checking for fgrep
configure:6615: result: /usr/bin/grep -F
configure:6650: checking for ld used by cc
configure:6717: result: /usr/bin/ld
configure:6724: checking if the linker (/usr/bin/ld) is GNU ld
configure:6739: result: yes
configure:6751: checking for BSD- or MS-compatible name lister (nm)
configure:6805: result: /usr/bin/nm -B
configure:6935: checking the name lister (/usr/bin/nm -B) interface
configure:6942: cc -c -g -O2  conftest.c >&5
configure:6945: /usr/bin/nm -B "conftest.o"
configure:6948: output
00000000 B some_variable
configure:6955: result: BSD nm
configure:6958: checking whether ln -s works
configure:6962: result: yes
configure:6970: checking the maximum length of command line arguments
configure:7101: result: 1572864
configure:7149: checking how to convert armv7l-unknown-linux-gnueabihf file names to armv7l-unknown-linux-gnueabihf format
configure:7189: result: func_convert_file_noop
configure:7196: checking how to convert armv7l-unknown-linux-gnueabihf file names to toolchain format
configure:7216: result: func_convert_file_noop
configure:7223: checking for /usr/bin/ld option to reload object files
configure:7230: result: -r
configure:7304: checking for objdump
configure:7320: found /usr/bin/objdump
configure:7331: result: objdump
configure:7363: checking how to recognize dependent libraries
configure:7563: result: pass_all
configure:7648: checking for dlltool
configure:7678: result: no
configure:7708: checking how to associate runtime and link libraries
configure:7735: result: printf %s\n
configure:7795: checking for ar
configure:7811: found /usr/bin/ar
configure:7822: result: ar
configure:7859: checking for archiver @FILE support
configure:7876: cc -c -g -O2  conftest.c >&5
configure:7876: $? = 0
configure:7879: ar cr libconftest.a @conftest.lst >&5
configure:7882: $? = 0
configure:7887: ar cr libconftest.a @conftest.lst >&5
ar: conftest.o: No such file or directory
configure:7890: $? = 1
configure:7902: result: @
configure:7960: checking for strip
configure:7976: found /usr/bin/strip
configure:7987: result: strip
configure:8059: checking for ranlib
configure:8075: found /usr/bin/ranlib
configure:8086: result: ranlib
configure:8163: checking for gawk
configure:8190: result: gawk
configure:8230: checking command to parse /usr/bin/nm -B output from cc object
configure:8383: cc -c -g -O2  conftest.c >&5
configure:8386: $? = 0
configure:8390: /usr/bin/nm -B conftest.o | sed -n -e 's/^.*[	 ]\([ABCDGIRSTW][ABCDGIRSTW]*\)[	 ][	 ]*\([_A-Za-z][_A-Za-z0-9]*\)$/\1 \2 \2/p' | sed '/ __gnu_lto/d' > conftest.nm
configure:8456: cc -o conftest -g -O2   conftest.c conftstm.o >&5
configure:8459: $? = 0
configure:8497: result: ok
configure:8544: checking for sysroot
configure:8574: result: no
configure:8581: checking for a working dd
configure:8619: result: /usr/bin/dd
configure:8623: checking how to truncate binary pipes
configure:8638: result: /usr/bin/dd bs=4096 count=1
configure:8967: checking for mt
configure:8983: found /usr/bin/mt
configure:8994: result: mt
configure:9017: checking if mt is a manifest tool
configure:9023: mt '-?'
configure:9031: result: no
configure:9705: checking for dlfcn.h
configure:9705: cc -c -g -O2  conftest.c >&5
configure:9705: $? = 0
configure:9705: result: yes
configure:9961: checking for objdir
configure:9976: result: .libs
configure:10240: checking if cc supports -fno-rtti -fno-exceptions
configure:10258: cc -c -g -O2  -fno-rtti -fno-exceptions conftest.c >&5
cc1: warning: command-line option '-fno-rtti' is valid for C++/D/ObjC++ but not for C
configure:10262: $? = 0
configure:10275: result: no
configure:10639: checking for cc option to produce PIC
configure:10646: result: -fPIC -DPIC
configure:10654: checking if cc PIC flag -fPIC -DPIC works
configure:10672: cc -c -g -O2  -fPIC -DPIC -DPIC conftest.c >&5
configure:10676: $? = 0
configure:10689: result: yes
configure:10718: checking if cc static flag -static works
configure:10746: result: yes
configure:10761: checking if cc supports -c -o file.o
configure:10782: cc -c -g -O2  -o out/conftest2.o conftest.c >&5
configure:10786: $? = 0
configure:10808: result: yes
configure:10816: checking if cc supports -c -o file.o
configure:10863: result: yes
configure:10896: checking whether the cc linker (/usr/bin/ld) supports shared libraries
configure:12159: result: yes
configure:12196: checking whether -lc should be explicitly linked in
configure:12204: cc -c -g -O2  conftest.c >&5
configure:12207: $? = 0
configure:12222: cc -shared  -fPIC -DPIC conftest.o  -v -Wl,-soname -Wl,conftest -o conftest 2\>\&1 \| /usr/bin/grep  -lc  \>/dev/null 2\>\&1
configure:12225: $? = 0
configure:12239: result: no
configure:12399: checking dynamic linker characteristics
configure:12980: cc -o conftest -g -O2   -Wl,-rpath -Wl,/foo conftest.c  >&5
configure:12980: $? = 0
configure:13229: result: GNU/Linux ld.so
configure:13351: checking how to hardcode library paths into programs
configure:13376: result: immediate
configure:13924: checking whether stripping libraries is possible
configure:13929: result: yes
configure:13964: checking if libtool supports shared libraries
configure:13966: result: yes
configure:13969: checking whether to build shared libraries
configure:13994: result: yes
configure:13997: checking whether to build static libraries
configure:14001: result: no
configure:14266: patching config.h.in
configure:14277: creating ./config.status

## ---------------------- ##
## Running config.status. ##
## ---------------------- ##

This file was extended by config.status, which was
generated by GNU Autoconf 2.69.  Invocation command line was

  CONFIG_FILES    = 
  CONFIG_HEADERS  = 
  CONFIG_LINKS    = 
  CONFIG_COMMANDS = 
  $ ./config.status 

on raspberrypi

config.status:896: creating config.h
config.status:1000: executing libtool commands

## ---------------- ##
## Cache variables. ##
## ---------------- ##

ac_cv_build=armv7l-unknown-linux-gnueabihf
ac_cv_c_compiler_gnu=yes
ac_cv_env_CC_set=
ac_cv_env_CC_value=
ac_cv_env_CFLAGS_set=
ac_cv_env_CFLAGS_value=
ac_cv_env_CPPFLAGS_set=
ac_cv_env_CPPFLAGS_value=
ac_cv_env_CPP_set=
ac_cv_env_CPP_value=
ac_cv_env_LDFLAGS_set=
ac_cv_env_LDFLAGS_value=
ac_cv_env_LIBS_set=
ac_cv_env_LIBS_value=
ac_cv_env_LT_SYS_LIBRARY_PATH_set=
ac_cv_env_LT_SYS_LIBRARY_PATH_value=
ac_cv_env_PKG_CONFIG_LIBDIR_set=
ac_cv_env_PKG_CONFIG_LIBDIR_value=
ac_cv_env_PKG_CONFIG_PATH_set=
ac_cv_env_PKG_CONFIG_PATH_value=
ac_cv_env_PKG_CONFIG_set=
ac_cv_env_PKG_CONFIG_value=
ac_cv_env_ZLIB_CFLAGS_set=
ac_cv_env_ZLIB_CFLAGS_value=
ac_cv_env_ZLIB_LIBS_set=
ac_cv_env_ZLIB_LIBS_value=
ac_cv_env_build_alias_set=
ac_cv_env_build_alias_value=
ac_cv_env_host_alias_set=
ac_cv_env_host_alias_value=
ac_cv_env_target_alias_set=
ac_cv_env_target_alias_value=
ac_cv_func_clock_gettime_nsec_np=no
ac_cv_func_gettimeofday=yes
ac_cv_header_dlfcn_h=yes
ac_cv_header_inttypes_h=yes
ac_cv_header_memory_h=yes
ac_cv_header_netinet_in_h=yes
ac_cv_header_poll_h=yes
ac_cv_header_stdc=yes
ac_cv_header_stdint_h=yes
ac_cv_header_stdlib_h=yes
ac_cv_header_string_h=yes
ac_cv_header_strings_h=yes
ac_cv_header_sys_poll_h=yes
ac_cv_header_sys_stat_h=yes
ac_cv_header_sys_types_h=yes
ac_cv_header_unistd_h=yes
ac_cv_host=armv7l-unknown-linux-gnueabihf
ac_cv_lib_m_cos=yes
ac_cv_objext=o
ac_cv_path_EGREP='/usr/bin/grep -E'
ac_cv_path_FGREP='/usr/bin/grep -F'
ac_cv_path_GREP=/usr/bin/grep
ac_cv_path_SED=/usr/bin/sed
ac_cv_path_ac_pt_PKG_CONFIG=/usr/bin/pkg-config
ac_cv_path_lt_DD=/usr/bin/dd
ac_cv_prog_AWK=gawk
ac_cv_prog_CPP='cc -E'
ac_cv_prog_ac_ct_AR=ar
ac_cv_prog_ac_ct_CC=cc
ac_cv_prog_ac_ct_MANIFEST_TOOL=mt
ac_cv_prog_ac_ct_OBJDUMP=objdump
ac_cv_prog_ac_ct_RANLIB=ranlib
ac_cv_prog_ac_ct_STRIP=strip
ac_cv_prog_cc_c89=
ac_cv_prog_cc_g=yes
ac_cv_target=armv7l-unknown-linux-gnueabihf
lt_cv_ar_at_file=@
lt_cv_archive_cmds_need_lc=no
lt_cv_deplibs_check_method=pass_all
lt_cv_file_magic_cmd='$MAGIC_CMD'
lt_cv_file_magic_test_file=
lt_cv_ld_reload_flag=-r
lt_cv_nm_interface='BSD nm'
lt_cv_objdir=.libs
lt_cv_path_LD=/usr/bin/ld
lt_cv_path_NM='/usr/bin/nm -B'
lt_cv_path_mainfest_tool=no
lt_cv_prog_compiler_c_o=yes
lt_cv_prog_compiler_pic='-fPIC -DPIC'
lt_cv_prog_compiler_pic_works=yes
lt_cv_prog_compiler_rtti_exceptions=no
lt_cv_prog_compiler_static_works=yes
lt_cv_prog_gnu_ld=yes
lt_cv_sharedlib_from_linklib_cmd='printf %s\n'
lt_cv_shlibpath_overrides_runpath=yes
lt_cv_sys_global_symbol_pipe='sed -n -e '\''s/^.*[	 ]\([ABCDGIRSTW][ABCDGIRSTW]*\)[	 ][	 ]*\([_A-Za-z][_A-Za-z0-9]*\)$/\1 \2 \2/p'\'' | sed '\''/ __gnu_lto/d'\'''
lt_cv_sys_global_symbol_to_c_name_address='sed -n -e '\''s/^: \(.*\) .*$/  {"\1", (void *) 0},/p'\'' -e '\''s/^[ABCDGIRSTW][ABCDGIRSTW]* .* \(.*\)$/  {"\1", (void *) \&\1},/p'\'''
lt_cv_sys_global_symbol_to_c_name_address_lib_prefix='sed -n -e '\''s/^: \(.*\) .*$/  {"\1", (void *) 0},/p'\'' -e '\''s/^[ABCDGIRSTW][ABCDGIRSTW]* .* \(lib.*\)$/  {"\1", (void *) \&\1},/p'\'' -e '\''s/^[ABCDGIRSTW][ABCDGIRSTW]* .* \(.*\)$/  {"lib\1", (void *) \&\1},/p'\'''
lt_cv_sys_global_symbol_to_cdecl='sed -n -e '\''s/^T .* \(.*\)$/extern int \1();/p'\'' -e '\''s/^[ABCDGIRSTW][ABCDGIRSTW]* .* \(.*\)$/extern char \1;/p'\'''
lt_cv_sys_global_symbol_to_import=
lt_cv_sys_max_cmd_len=1572864
lt_cv_to_host_file_cmd=func_convert_file_noop
lt_cv_to_tool_file_cmd=func_convert_file_noop
lt_cv_truncate_bin='/usr/bin/dd bs=4096 count=1'
php_cv_cc_dashr=no
php_cv_cc_rpath=yes
pkg_cv_ZLIB_CFLAGS=
pkg_cv_ZLIB_LIBS=-lz

## ----------------- ##
## Output variables. ##
## ----------------- ##

AR='ar'
AWK='gawk'
CC='cc'
CFLAGS='-g -O2'
CONFIGURE_COMMAND=' '\''./configure'\'' '
CONFIGURE_OPTIONS=''
CPP='cc -E'
CPPFLAGS=' -DHAVE_CONFIG_H'
DEFS='-DHAVE_CONFIG_H'
DLLTOOL='false'
DSYMUTIL=''
DUMPBIN=''
ECHO_C=''
ECHO_N='-n'
ECHO_T=''
EGREP='/usr/bin/grep -E'
EXEEXT=''
FGREP='/usr/bin/grep -F'
GREP='/usr/bin/grep'
LD='/usr/bin/ld'
LDFLAGS=''
LIBOBJS=''
LIBS=''
LIBTOOL='$(SHELL) $(top_builddir)/libtool'
LIPO=''
LN_S='ln -s'
LTLIBOBJS=''
LT_SYS_LIBRARY_PATH=''
MANIFEST_TOOL=':'
NM='/usr/bin/nm -B'
NMEDIT=''
OBJDUMP='objdump'
OBJEXT='o'
OTOOL64=''
OTOOL=''
PACKAGE_BUGREPORT=''
PACKAGE_NAME=''
PACKAGE_STRING=''
PACKAGE_TARNAME=''
PACKAGE_URL=''
PACKAGE_VERSION=''
PATH_SEPARATOR=':'
PKG_CONFIG='/usr/bin/pkg-config'
PKG_CONFIG_LIBDIR=''
PKG_CONFIG_PATH=''
RANLIB='ranlib'
SED='/usr/bin/sed'
SHELL='/bin/bash'
SHLIB_DL_SUFFIX_NAME='so'
SHLIB_SUFFIX_NAME='so'
STRIP='strip'
ZLIB_CFLAGS=''
ZLIB_LIBS='-lz'
ac_ct_AR='ar'
ac_ct_CC='cc'
ac_ct_DUMPBIN=''
bindir='${exec_prefix}/bin'
build='armv7l-unknown-linux-gnueabihf'
build_alias=''
build_cpu='armv7l'
build_os='linux-gnueabihf'
build_vendor='unknown'
datadir='${datarootdir}'
datarootdir='${prefix}/share'
docdir='${datarootdir}/doc/${PACKAGE}'
dvidir='${docdir}'
exec_prefix='$(prefix)'
host='armv7l-unknown-linux-gnueabihf'
host_alias='armv7l-unknown-linux-gnueabihf'
host_cpu='armv7l'
host_os='linux-gnueabihf'
host_vendor='unknown'
htmldir='${docdir}'
includedir='${prefix}/include'
infodir='${datarootdir}/info'
libdir='${exec_prefix}/lib'
libexecdir='${exec_prefix}/libexec'
localedir='${datarootdir}/locale'
localstatedir='${prefix}/var'
mandir='${datarootdir}/man'
oldincludedir='/usr/include'
pdfdir='${docdir}'
prefix='/usr'
program_transform_name='s,x,x,'
psdir='${docdir}'
runstatedir='${localstatedir}/run'
sbindir='${exec_prefix}/sbin'
sharedstatedir='${prefix}/com'
sysconfdir='${prefix}/etc'
target='armv7l-unknown-linux-gnueabihf'
target_alias=''
target_cpu='armv7l'
target_os='linux-gnueabihf'
target_vendor='unknown'

## ----------- ##
## confdefs.h. ##
## ----------- ##

/* confdefs.h */
#define PACKAGE_NAME ""
#define PACKAGE_TARNAME ""
#define PACKAGE_VERSION ""
#define PACKAGE_STRING ""
#define PACKAGE_BUGREPORT ""
#define PACKAGE_URL ""
#define HAVE_XDEBUG 1
#define HAVE_XDEBUG_CLOCK_GETTIME 1
#define HAVE_XDEBUG_CLOCK_GETTIME_NSEC_NP 0
#define HAVE_GETTIMEOFDAY 1
#define STDC_HEADERS 1
#define HAVE_SYS_TYPES_H 1
#define HAVE_SYS_STAT_H 1
#define HAVE_STDLIB_H 1
#define HAVE_STRING_H 1
#define HAVE_MEMORY_H 1
#define HAVE_STRINGS_H 1
#define HAVE_INTTYPES_H 1
#define HAVE_STDINT_H 1
#define HAVE_UNISTD_H 1
#define HAVE_NETINET_IN_H 1
#define HAVE_POLL_H 1
#define HAVE_SYS_POLL_H 1
#define HAVE_XDEBUG_ZLIB 1
#define COMPILE_DL_XDEBUG 1
#define HAVE_DLFCN_H 1
#define LT_OBJDIR ".libs/"

configure: exit 0
